<?xml version="1.0" encoding="UTF-8"?>
<!-- Generated by org.testng.reporters.JUnitXMLReporter -->
<testsuite ignored="0" hostname="AMIT" failures="0" tests="5" name="ChromeTest" time="32.594" errors="0" timestamp="2023-04-19T23:50:33 IST">
  <testcase classname="TestFlipkart.TestHomepage" name="@BeforeMethod login" time="20.809">
    <failure type="org.openqa.selenium.NoSuchElementException" message="no such element: Unable to locate element: {&amp;quot;method&amp;quot;:&amp;quot;xpath&amp;quot;,&amp;quot;selector&amp;quot;:&amp;quot;//input[@type=&amp;apos;password&amp;apos;]&amp;quot;}
  (Session info: chrome=112.0.5615.50)
For documentation on this error, please visit: https://www.seleniumhq.org/exceptions/no_such_element.html
Build info: version: &amp;apos;3.141.59&amp;apos;, revision: &amp;apos;e82be7d358&amp;apos;, time: &amp;apos;2018-11-14T08:17:03&amp;apos;
System info: host: &amp;apos;AMIT&amp;apos;, ip: &amp;apos;192.168.43.3&amp;apos;, os.name: &amp;apos;Windows 11&amp;apos;, os.arch: &amp;apos;amd64&amp;apos;, os.version: &amp;apos;10.0&amp;apos;, java.version: &amp;apos;18&amp;apos;
Driver info: org.openqa.selenium.chrome.ChromeDriver
Capabilities {acceptInsecureCerts: false, browserName: chrome, browserVersion: 112.0.5615.50, chrome: {chromedriverVersion: 111.0.5563.64 (c710e93d5b63..., userDataDir: C:\Users\lahan\AppData\Loca...}, goog:chromeOptions: {debuggerAddress: localhost:56001}, javascriptEnabled: true, networkConnectionEnabled: false, pageLoadStrategy: normal, platform: WINDOWS, platformName: WINDOWS, proxy: Proxy(), setWindowRect: true, strictFileInteractability: false, timeouts: {implicit: 0, pageLoad: 300000, script: 30000}, unhandledPromptBehavior: dismiss and notify, webauthn:extension:credBlob: true, webauthn:extension:largeBlob: true, webauthn:extension:minPinLength: true, webauthn:extension:prf: true, webauthn:virtualAuthenticators: true}
Session ID: 11749d81432df65a52a157146cbdccdd
*** Element info: {Using=xpath, value=//input[@type=&amp;apos;password&amp;apos;]}">
      <![CDATA[org.openqa.selenium.NoSuchElementException: no such element: Unable to locate element: {"method":"xpath","selector":"//input[@type='password']"}
  (Session info: chrome=112.0.5615.50)
For documentation on this error, please visit: https://www.seleniumhq.org/exceptions/no_such_element.html
Build info: version: '3.141.59', revision: 'e82be7d358', time: '2018-11-14T08:17:03'
System info: host: 'AMIT', ip: '192.168.43.3', os.name: 'Windows 11', os.arch: 'amd64', os.version: '10.0', java.version: '18'
Driver info: org.openqa.selenium.chrome.ChromeDriver
Capabilities {acceptInsecureCerts: false, browserName: chrome, browserVersion: 112.0.5615.50, chrome: {chromedriverVersion: 111.0.5563.64 (c710e93d5b63..., userDataDir: C:\Users\lahan\AppData\Loca...}, goog:chromeOptions: {debuggerAddress: localhost:56001}, javascriptEnabled: true, networkConnectionEnabled: false, pageLoadStrategy: normal, platform: WINDOWS, platformName: WINDOWS, proxy: Proxy(), setWindowRect: true, strictFileInteractability: false, timeouts: {implicit: 0, pageLoad: 300000, script: 30000}, unhandledPromptBehavior: dismiss and notify, webauthn:extension:credBlob: true, webauthn:extension:largeBlob: true, webauthn:extension:minPinLength: true, webauthn:extension:prf: true, webauthn:virtualAuthenticators: true}
Session ID: 11749d81432df65a52a157146cbdccdd
*** Element info: {Using=xpath, value=//input[@type='password']}
at org.openqa.selenium.remote.http.W3CHttpResponseCodec.createException(W3CHttpResponseCodec.java:187)
at org.openqa.selenium.remote.http.W3CHttpResponseCodec.decode(W3CHttpResponseCodec.java:122)
at org.openqa.selenium.remote.http.W3CHttpResponseCodec.decode(W3CHttpResponseCodec.java:49)
at org.openqa.selenium.remote.HttpCommandExecutor.execute(HttpCommandExecutor.java:158)
at org.openqa.selenium.remote.service.DriverCommandExecutor.execute(DriverCommandExecutor.java:83)
at org.openqa.selenium.remote.RemoteWebDriver.execute(RemoteWebDriver.java:552)
at org.openqa.selenium.remote.RemoteWebDriver.findElement(RemoteWebDriver.java:323)
at org.openqa.selenium.remote.RemoteWebDriver.findElementByXPath(RemoteWebDriver.java:428)
at org.openqa.selenium.By$ByXPath.findElement(By.java:353)
at org.openqa.selenium.remote.RemoteWebDriver.findElement(RemoteWebDriver.java:315)
at org.openqa.selenium.support.pagefactory.DefaultElementLocator.findElement(DefaultElementLocator.java:69)
at org.openqa.selenium.support.pagefactory.internal.LocatingElementHandler.invoke(LocatingElementHandler.java:38)
at jdk.proxy2/jdk.proxy2.$Proxy17.sendKeys(Unknown Source)
at POMflipkart.Loginpage.enterpassword(Loginpage.java:33)
at TestFlipkart.TestHomepage.login(TestHomepage.java:59)
at java.base/java.util.ArrayList.forEach(ArrayList.java:1511)
at java.base/java.util.concurrent.FutureTask.run(FutureTask.java:264)
at java.base/java.util.concurrent.ThreadPoolExecutor.runWorker(ThreadPoolExecutor.java:1136)
at java.base/java.util.concurrent.ThreadPoolExecutor$Worker.run(ThreadPoolExecutor.java:635)
at java.base/java.lang.Thread.run(Thread.java:833)
... Removed 23 stack frames]]>
    </failure>
  </testcase> <!-- @BeforeMethod login -->
  <testcase classname="TestFlipkart.TestHomepage" name="@BeforeMethod login" time="11.501">
    <failure type="org.openqa.selenium.WebDriverException" message="TypeError: browsingContext.currentWindowGlobal is null
Build info: version: &amp;apos;3.141.59&amp;apos;, revision: &amp;apos;e82be7d358&amp;apos;, time: &amp;apos;2018-11-14T08:17:03&amp;apos;
System info: host: &amp;apos;AMIT&amp;apos;, ip: &amp;apos;192.168.43.3&amp;apos;, os.name: &amp;apos;Windows 11&amp;apos;, os.arch: &amp;apos;amd64&amp;apos;, os.version: &amp;apos;10.0&amp;apos;, java.version: &amp;apos;18&amp;apos;
Driver info: org.openqa.selenium.firefox.FirefoxDriver
Capabilities {acceptInsecureCerts: true, browserName: firefox, browserVersion: 108.0.1, javascriptEnabled: true, moz:accessibilityChecks: false, moz:buildID: 20221215175817, moz:geckodriverVersion: 0.31.0, moz:headless: false, moz:platformVersion: 10.0, moz:processID: 39252, moz:profile: C:\Users\lahan\AppData\Loca..., moz:shutdownTimeout: 60000, moz:useNonSpecCompliantPointerOrigin: false, moz:webdriverClick: true, moz:windowless: false, pageLoadStrategy: normal, platform: WINDOWS, platformName: WINDOWS, proxy: Proxy(), setWindowRect: true, strictFileInteractability: false, timeouts: {implicit: 0, pageLoad: 300000, script: 30000}, unhandledPromptBehavior: dismiss and notify}
Session ID: 8bb0cfb3-4940-4502-a45e-ac8c643a4a2a
*** Element info: {Using=xpath, value=//input[@type=&amp;apos;password&amp;apos;]}">
      <![CDATA[org.openqa.selenium.WebDriverException: TypeError: browsingContext.currentWindowGlobal is null
Build info: version: '3.141.59', revision: 'e82be7d358', time: '2018-11-14T08:17:03'
System info: host: 'AMIT', ip: '192.168.43.3', os.name: 'Windows 11', os.arch: 'amd64', os.version: '10.0', java.version: '18'
Driver info: org.openqa.selenium.firefox.FirefoxDriver
Capabilities {acceptInsecureCerts: true, browserName: firefox, browserVersion: 108.0.1, javascriptEnabled: true, moz:accessibilityChecks: false, moz:buildID: 20221215175817, moz:geckodriverVersion: 0.31.0, moz:headless: false, moz:platformVersion: 10.0, moz:processID: 39252, moz:profile: C:\Users\lahan\AppData\Loca..., moz:shutdownTimeout: 60000, moz:useNonSpecCompliantPointerOrigin: false, moz:webdriverClick: true, moz:windowless: false, pageLoadStrategy: normal, platform: WINDOWS, platformName: WINDOWS, proxy: Proxy(), setWindowRect: true, strictFileInteractability: false, timeouts: {implicit: 0, pageLoad: 300000, script: 30000}, unhandledPromptBehavior: dismiss and notify}
Session ID: 8bb0cfb3-4940-4502-a45e-ac8c643a4a2a
*** Element info: {Using=xpath, value=//input[@type='password']}
at org.openqa.selenium.remote.http.W3CHttpResponseCodec.createException(W3CHttpResponseCodec.java:187)
at org.openqa.selenium.remote.http.W3CHttpResponseCodec.decode(W3CHttpResponseCodec.java:122)
at org.openqa.selenium.remote.http.W3CHttpResponseCodec.decode(W3CHttpResponseCodec.java:49)
at org.openqa.selenium.remote.HttpCommandExecutor.execute(HttpCommandExecutor.java:158)
at org.openqa.selenium.remote.service.DriverCommandExecutor.execute(DriverCommandExecutor.java:83)
at org.openqa.selenium.remote.RemoteWebDriver.execute(RemoteWebDriver.java:552)
at org.openqa.selenium.remote.RemoteWebDriver.findElement(RemoteWebDriver.java:323)
at org.openqa.selenium.remote.RemoteWebDriver.findElementByXPath(RemoteWebDriver.java:428)
at org.openqa.selenium.By$ByXPath.findElement(By.java:353)
at org.openqa.selenium.remote.RemoteWebDriver.findElement(RemoteWebDriver.java:315)
at org.openqa.selenium.support.pagefactory.DefaultElementLocator.findElement(DefaultElementLocator.java:69)
at org.openqa.selenium.support.pagefactory.internal.LocatingElementHandler.invoke(LocatingElementHandler.java:38)
at jdk.proxy2/jdk.proxy2.$Proxy17.sendKeys(Unknown Source)
at POMflipkart.Loginpage.enterpassword(Loginpage.java:33)
at TestFlipkart.TestHomepage.login(TestHomepage.java:59)
at java.base/java.util.ArrayList.forEach(ArrayList.java:1511)
at java.base/java.util.concurrent.FutureTask.run(FutureTask.java:264)
at java.base/java.util.concurrent.ThreadPoolExecutor.runWorker(ThreadPoolExecutor.java:1136)
at java.base/java.util.concurrent.ThreadPoolExecutor$Worker.run(ThreadPoolExecutor.java:635)
at java.base/java.lang.Thread.run(Thread.java:833)
... Removed 23 stack frames]]>
    </failure>
  </testcase> <!-- @BeforeMethod login -->
  <testcase classname="TestFlipkart.TestHomepage" name="@AfterMethod logout" time="-1.681928433046E9">
    <skipped/>
  </testcase> <!-- @AfterMethod logout -->
  <testcase classname="TestFlipkart.TestHomepage" name="@BeforeMethod login" time="-1.681928433063E9">
    <skipped/>
  </testcase> <!-- @BeforeMethod login -->
  <testcase classname="TestFlipkart.TestHomepage" name="@AfterMethod logout" time="-1.681928433123E9">
    <skipped/>
  </testcase> <!-- @AfterMethod logout -->
  <testcase classname="TestFlipkart.TestHomepage" name="@BeforeMethod login" time="-1.681928433188E9">
    <skipped/>
  </testcase> <!-- @BeforeMethod login -->
  <testcase classname="TestFlipkart.TestHomepage" name="@AfterMethod logout" time="-1.681928433248E9">
    <skipped/>
  </testcase> <!-- @AfterMethod logout -->
  <testcase classname="TestFlipkart.TestHomepage" name="@BeforeMethod login" time="-1.681928433255E9">
    <skipped/>
  </testcase> <!-- @BeforeMethod login -->
  <testcase classname="TestFlipkart.TestHomepage" name="@AfterMethod logout" time="-1.681928433272E9">
    <skipped/>
  </testcase> <!-- @AfterMethod logout -->
  <testcase classname="TestFlipkart.TestHomepage" name="@AfterMethod logout" time="-1.681928433356E9">
    <skipped/>
  </testcase> <!-- @AfterMethod logout -->
  <testcase classname="TestFlipkart.TestHomepage" name="@BeforeMethod login" time="-1.681928433356E9">
    <skipped/>
  </testcase> <!-- @BeforeMethod login -->
  <testcase classname="TestFlipkart.TestHomepage" name="@AfterMethod logout" time="-1.681928433364E9">
    <skipped/>
  </testcase> <!-- @AfterMethod logout -->
  <testcase classname="TestFlipkart.TestHomepage" name="@BeforeMethod login" time="-1.681928433369E9">
    <skipped/>
  </testcase> <!-- @BeforeMethod login -->
  <testcase classname="TestFlipkart.TestHomepage" name="@AfterMethod logout" time="-1.681928433373E9">
    <skipped/>
  </testcase> <!-- @AfterMethod logout -->
  <testcase classname="TestFlipkart.TestHomepage" name="@BeforeMethod login" time="-1.681928433375E9">
    <skipped/>
  </testcase> <!-- @BeforeMethod login -->
  <testcase classname="TestFlipkart.TestHomepage" name="@AfterMethod logout" time="-1.681928433381E9">
    <skipped/>
  </testcase> <!-- @AfterMethod logout -->
  <testcase classname="TestFlipkart.TestHomepage" name="@BeforeMethod login" time="-1.681928433382E9">
    <skipped/>
  </testcase> <!-- @BeforeMethod login -->
  <testcase classname="TestFlipkart.TestHomepage" name="@AfterMethod logout" time="-1.681928433388E9">
    <skipped/>
  </testcase> <!-- @AfterMethod logout -->
  <testcase classname="TestFlipkart.TestHomepage" name="@AfterClass clearobject" time="-1.681928433389E9">
    <skipped/>
  </testcase> <!-- @AfterClass clearobject -->
  <testcase classname="TestFlipkart.TestHomepage" name="@AfterTest closebrowser" time="-1.681928433486E9">
    <skipped/>
  </testcase> <!-- @AfterTest closebrowser -->
  <testcase classname="TestFlipkart.TestHomepage" name="@BeforeMethod login" time="-1.681928433406E9">
    <skipped/>
  </testcase> <!-- @BeforeMethod login -->
  <testcase classname="TestFlipkart.TestHomepage" name="@AfterMethod logout" time="-1.681928433652E9">
    <skipped/>
  </testcase> <!-- @AfterMethod logout -->
  <testcase classname="TestFlipkart.TestHomepage" name="@AfterClass clearobject" time="-1.681928433652E9">
    <skipped/>
  </testcase> <!-- @AfterClass clearobject -->
  <testcase classname="TestFlipkart.TestHomepage" name="@AfterTest closebrowser" time="-1.681928433656E9">
    <skipped/>
  </testcase> <!-- @AfterTest closebrowser -->
  <testcase classname="TestFlipkart.TestHomepage" name="testmobileandtablet" time="0.0">
    <skipped/>
  </testcase> <!-- testmobileandtablet -->
  <testcase classname="TestFlipkart.TestHomepage" name="testtopoffers" time="0.0">
    <skipped/>
  </testcase> <!-- testtopoffers -->
  <testcase classname="TestFlipkart.TestHomepage" name="testelectronics" time="0.0">
    <skipped/>
  </testcase> <!-- testelectronics -->
  <testcase classname="TestFlipkart.TestHomepage" name="testfashion" time="0.0">
    <skipped/>
  </testcase> <!-- testfashion -->
  <testcase classname="TestFlipkart.TestHomepage" name="testtravel" time="0.0">
    <skipped/>
  </testcase> <!-- testtravel -->
</testsuite> <!-- ChromeTest -->
